
> task-manager-backend@1.0.0 start
> node server.js

🚀 正在启动任务管理系统后端服务...
📊 初始化数据库...
🚀 开始初始化数据库...
✅ 数据库 task_manager_db 已确保存在
🔗 创建数据库连接池，目标数据库: task_manager_db
✅ 数据库连接成功
📋 创建数据库表结构...
   创建表: students
   创建表: student_profiles
   创建表: tasks
   创建表: leave_records
   创建表: admins
   创建表: system_config
✅ 数据库表结构创建成功
📝 插入初始数据...
✅ 初始数据已存在，跳过插入
👁️ 创建数据库视图...
✅ 数据库视图创建成功
🎉 数据库初始化完成！
⏰ 初始化定时任务...
⏰ 定时任务服务已初始化（24:00任务重新调度）
🚀 定时任务已启动

🎉 任务管理系统后端启动成功！
📍 服务器运行在端口: 3001
🌍 环境: development
🔗 健康检查: http://localhost:3001/health
📚 API文档: http://localhost:3001/api

🔑 默认登录信息:
   学生ID: ST001 或 ST002
   密码: Hello888

✅ 数据库 task_manager_db 已确保存在
✅ 数据库连接成功
🕛 学生 ST001 手动触发24:00处理，日期: 2025-07-13
📊 2025-07-13 未完成任务数量: 0
ℹ️ 2025-07-13 没有未完成任务，无需处理
🕛 学生 ST001 手动触发24:00处理，日期: 2025-07-14
📊 2025-07-14 未完成任务数量: 0
ℹ️ 2025-07-14 没有未完成任务，无需处理
🕛 学生 ST001 手动触发24:00处理，日期: 2025-07-15
📊 2025-07-15 未完成任务数量: 0
ℹ️ 2025-07-15 没有未完成任务，无需处理
🔄 学生 ST001 请求清空所有任务数据
✅ 学生 ST001 数据清空完成:
   - 删除了 0 条请假记录
   - 删除了 0 条任务调度历史
   - 删除了 35 个任务
🔄 学生 ST001 请求清空所有任务数据
✅ 学生 ST001 数据清空完成:
   - 删除了 0 条请假记录
   - 删除了 0 条任务调度历史
   - 删除了 0 个任务
🔄 学生 ST001 请求清空所有任务数据
✅ 学生 ST001 数据清空完成:
   - 删除了 0 条请假记录
   - 删除了 0 条任务调度历史
   - 删除了 35 个任务
🔄 学生 ST001 请求清空所有任务数据
✅ 学生 ST001 数据清空完成:
   - 删除了 0 条请假记录
   - 删除了 0 条任务调度历史
   - 删除了 0 个任务
